# JRE version: Java(TM) SE Runtime Environment (8.0_71-b15) (build 1.8.0_71-b15)
# Java VM: Java HotSpot(TM) Client VM (25.71-b15 mixed mode, sharing windows-x86 )
Heap:
 def new generation   total 4928K, used 1631K [0x02c00000, 0x03150000, 0x08150000)
  eden space 4416K,  36% used [0x02c00000, 0x02d96848, 0x03050000)
  from space 512K,   1% used [0x03050000, 0x03051698, 0x030d0000)
  to   space 512K,   0% used [0x030d0000, 0x030d0000, 0x03150000)
 tenured generation   total 10944K, used 507K [0x08150000, 0x08c00000, 0x12c00000)
   the space 10944K,   4% used [0x08150000, 0x081cec28, 0x081cee00, 0x08c00000)
 Metaspace       used 404K, capacity 2600K, committed 2624K, reserved 4480K
GC Heap History (10 events):
Event: 23.858 GC heap before
{Heap before GC invocations=7 (full 0):
 def new generation   total 4928K, used 4421K [0x02c00000, 0x03150000, 0x08150000)
  eden space 4416K, 100% used [0x02c00000, 0x03050000, 0x03050000)
  from space 512K,   1% used [0x030d0000, 0x030d1760, 0x03150000)
  to   space 512K,   0% used [0x03050000, 0x03050000, 0x030d0000)
 tenured generation   total 10944K, used 507K [0x08150000, 0x08c00000, 0x12c00000)
   the space 10944K,   4% used [0x08150000, 0x081cec28, 0x081cee00, 0x08c00000)
 Metaspace       used 404K, capacity 2600K, committed 2624K, reserved 4480K
Event: 23.858 GC heap after
Heap after GC invocations=8 (full 0):
 def new generation   total 4928K, used 5K [0x02c00000, 0x03150000, 0x08150000)
  eden space 4416K,   0% used [0x02c00000, 0x02c00000, 0x03050000)
  from space 512K,   1% used [0x03050000, 0x03051588, 0x030d0000)
  to   space 512K,   0% used [0x030d0000, 0x030d0000, 0x03150000)
 tenured generation   total 10944K, used 507K [0x08150000, 0x08c00000, 0x12c00000)
   the space 10944K,   4% used [0x08150000, 0x081cec28, 0x081cee00, 0x08c00000)
 Metaspace       used 404K, capacity 2600K, committed 2624K, reserved 4480K
}
Event: 24.514 GC heap before
{Heap before GC invocations=8 (full 0):
 def new generation   total 4928K, used 4421K [0x02c00000, 0x03150000, 0x08150000)
  eden space 4416K, 100% used [0x02c00000, 0x03050000, 0x03050000)
  from space 512K,   1% used [0x03050000, 0x03051588, 0x030d0000)
  to   space 512K,   0% used [0x030d0000, 0x030d0000, 0x03150000)
 tenured generation   total 10944K, used 507K [0x08150000, 0x08c00000, 0x12c00000)
   the space 10944K,   4% used [0x08150000, 0x081cec28, 0x081cee00, 0x08c00000)
 Metaspace       used 404K, capacity 2600K, committed 2624K, reserved 4480K
Event: 24.515 GC heap after
Heap after GC invocations=9 (full 0):
 def new generation   total 4928K, used 6K [0x02c00000, 0x03150000, 0x08150000)
  eden space 4416K,   0% used [0x02c00000, 0x02c00000, 0x03050000)
  from space 512K,   1% used [0x030d0000, 0x030d1810, 0x03150000)
  to   space 512K,   0% used [0x03050000, 0x03050000, 0x030d0000)
 tenured generation   total 10944K, used 507K [0x08150000, 0x08c00000, 0x12c00000)
   the space 10944K,   4% used [0x08150000, 0x081cec28, 0x081cee00, 0x08c00000)
 Metaspace       used 404K, capacity 2600K, committed 2624K, reserved 4480K
}
Event: 25.182 GC heap before
{Heap before GC invocations=9 (full 0):
 def new generation   total 4928K, used 4422K [0x02c00000, 0x03150000, 0x08150000)
  eden space 4416K, 100% used [0x02c00000, 0x03050000, 0x03050000)
  from space 512K,   1% used [0x030d0000, 0x030d1810, 0x03150000)
  to   space 512K,   0% used [0x03050000, 0x03050000, 0x030d0000)
 tenured generation   total 10944K, used 507K [0x08150000, 0x08c00000, 0x12c00000)
   the space 10944K,   4% used [0x08150000, 0x081cec28, 0x081cee00, 0x08c00000)
 Metaspace       used 404K, capacity 2600K, committed 2624K, reserved 4480K
Event: 25.183 GC heap after
Heap after GC invocations=10 (full 0):
 def new generation   total 4928K, used 5K [0x02c00000, 0x03150000, 0x08150000)
  eden space 4416K,   0% used [0x02c00000, 0x02c00000, 0x03050000)
  from space 512K,   1% used [0x03050000, 0x03051720, 0x030d0000)
  to   space 512K,   0% used [0x030d0000, 0x030d0000, 0x03150000)
 tenured generation   total 10944K, used 507K [0x08150000, 0x08c00000, 0x12c00000)
   the space 10944K,   4% used [0x08150000, 0x081cec28, 0x081cee00, 0x08c00000)
 Metaspace       used 404K, capacity 2600K, committed 2624K, reserved 4480K
}
Event: 26.162 GC heap before
{Heap before GC invocations=10 (full 0):
 def new generation   total 4928K, used 4421K [0x02c00000, 0x03150000, 0x08150000)
  eden space 4416K, 100% used [0x02c00000, 0x03050000, 0x03050000)
  from space 512K,   1% used [0x03050000, 0x03051720, 0x030d0000)
  to   space 512K,   0% used [0x030d0000, 0x030d0000, 0x03150000)
 tenured generation   total 10944K, used 507K [0x08150000, 0x08c00000, 0x12c00000)
   the space 10944K,   4% used [0x08150000, 0x081cec28, 0x081cee00, 0x08c00000)
 Metaspace       used 404K, capacity 2600K, committed 2624K, reserved 4480K
Event: 26.162 GC heap after
Heap after GC invocations=11 (full 0):
 def new generation   total 4928K, used 5K [0x02c00000, 0x03150000, 0x08150000)
  eden space 4416K,   0% used [0x02c00000, 0x02c00000, 0x03050000)
  from space 512K,   1% used [0x030d0000, 0x030d1630, 0x03150000)
  to   space 512K,   0% used [0x03050000, 0x03050000, 0x030d0000)
 tenured generation   total 10944K, used 507K [0x08150000, 0x08c00000, 0x12c00000)
   the space 10944K,   4% used [0x08150000, 0x081cec28, 0x081cee00, 0x08c00000)
 Metaspace       used 404K, capacity 2600K, committed 2624K, reserved 4480K
}
Event: 33.777 GC heap before
{Heap before GC invocations=11 (full 0):
 def new generation   total 4928K, used 4421K [0x02c00000, 0x03150000, 0x08150000)
  eden space 4416K, 100% used [0x02c00000, 0x03050000, 0x03050000)
  from space 512K,   1% used [0x030d0000, 0x030d1630, 0x03150000)
  to   space 512K,   0% used [0x03050000, 0x03050000, 0x030d0000)
 tenured generation   total 10944K, used 507K [0x08150000, 0x08c00000, 0x12c00000)
   the space 10944K,   4% used [0x08150000, 0x081cec28, 0x081cee00, 0x08c00000)
 Metaspace       used 404K, capacity 2600K, committed 2624K, reserved 4480K
Event: 33.777 GC heap after
Heap after GC invocations=12 (full 0):
 def new generation   total 4928K, used 5K [0x02c00000, 0x03150000, 0x08150000)
  eden space 4416K,   0% used [0x02c00000, 0x02c00000, 0x03050000)
  from space 512K,   1% used [0x03050000, 0x03051698, 0x030d0000)
  to   space 512K,   0% used [0x030d0000, 0x030d0000, 0x03150000)
 tenured generation   total 10944K, used 507K [0x08150000, 0x08c00000, 0x12c00000)
   the space 10944K,   4% used [0x08150000, 0x081cec28, 0x081cee00, 0x08c00000)
 Metaspace       used 404K, capacity 2600K, committed 2624K, reserved 4480K
}

